\BOOKMARK [1][-]{section.1}{\376\377\000I\000n\000t\000r\000o\000d\000u\000c\000t\000i\000o\000n}{}% 1
\BOOKMARK [1][-]{section.2}{\376\377\000M\000e\000t\000h\000o\000d\000s}{}% 2
\BOOKMARK [2][-]{subsection.2.1}{\376\377\000D\000a\000t\000a\000s\000e\000t\000\040\000a\000n\000d\000\040\000A\000n\000n\000o\000t\000a\000t\000i\000o\000n\000s}{section.2}% 3
\BOOKMARK [3][-]{subsubsection.2.1.1}{\376\377\000E\000t\000h\000i\000c\000s\000\040\000s\000t\000a\000t\000e\000m\000e\000n\000t\000.}{subsection.2.1}% 4
\BOOKMARK [3][-]{subsubsection.2.1.2}{\376\377\000E\000E\000G\000\040\000D\000a\000t\000a\000.}{subsection.2.1}% 5
\BOOKMARK [3][-]{subsubsection.2.1.3}{\376\377\000A\000n\000n\000o\000t\000a\000t\000i\000o\000n\000\040\000F\000r\000a\000m\000e\000w\000o\000r\000k\000.}{subsection.2.1}% 6
\BOOKMARK [3][-]{subsubsection.2.1.4}{\376\377\000E\000v\000a\000l\000u\000a\000t\000i\000o\000n\000\040\000F\000r\000a\000m\000e\000w\000o\000r\000k\000.}{subsection.2.1}% 7
\BOOKMARK [3][-]{subsubsection.2.1.5}{\376\377\000C\000o\000n\000t\000e\000s\000t\000-\000o\000f\000-\000m\000e\000t\000h\000o\000d\000s\000\040\000d\000e\000v\000e\000l\000o\000p\000m\000e\000n\000t\000\040\000s\000t\000r\000a\000t\000e\000g\000y\000.}{subsection.2.1}% 8
\BOOKMARK [2][-]{subsection.2.2}{\376\377\000P\000D\000\040\000C\000h\000a\000r\000a\000c\000t\000e\000r\000i\000z\000a\000t\000i\000o\000n\000\040\000P\000i\000p\000e\000l\000i\000n\000e\000\040\000\050\000P\000D\000-\000P\000r\000o\000f\000i\000l\000e\000r\000\051}{section.2}% 9
\BOOKMARK [3][-]{subsubsection.2.2.1}{\376\377\000C\000h\000a\000n\000n\000e\000l\000P\000D\000-\000N\000e\000t\000.}{subsection.2.2}% 10
\BOOKMARK [3][-]{subsubsection.2.2.2}{\376\377\000D\000i\000s\000c\000h\000a\000r\000g\000e\000\040\000T\000i\000m\000i\000n\000g\000:\000\040\000H\000e\000m\000i\000C\000E\000T\000-\000U\000N\000e\000t\000\040\000a\000n\000d\000\040\000D\000y\000n\000a\000m\000i\000c\000\040\000P\000r\000o\000g\000r\000a\000m\000m\000i\000n\000g\000.}{subsection.2.2}% 11
\BOOKMARK [3][-]{subsubsection.2.2.3}{\376\377\000S\000p\000a\000t\000i\000a\000l\000\040\000L\000o\000c\000a\000l\000i\000z\000a\000t\000i\000o\000n\000.}{subsection.2.2}% 12
\BOOKMARK [2][-]{subsection.2.3}{\376\377\000R\000D\000A\000\040\000C\000h\000a\000r\000a\000c\000t\000e\000r\000i\000z\000a\000t\000i\000o\000n\000\040\000P\000i\000p\000e\000l\000i\000n\000e\000\040\000\050\000R\000D\000A\000-\000P\000r\000o\000f\000i\000l\000e\000r\000\051}{section.2}% 13
\BOOKMARK [3][-]{subsubsection.2.3.1}{\376\377\000N\000B\000-\000H\000i\000l\000b\000e\000r\000t\000:\000\040\000I\000t\000e\000r\000a\000t\000i\000v\000e\000\040\000N\000a\000r\000r\000o\000w\000b\000a\000n\000d\000\040\000H\000i\000l\000b\000e\000r\000t\000\040\000R\000e\000f\000i\000n\000e\000m\000e\000n\000t\000.}{subsection.2.3}% 14
\BOOKMARK [3][-]{subsubsection.2.3.2}{\376\377\000R\000D\000A\000-\000P\000L\000V\000:\000\040\000S\000p\000a\000t\000i\000a\000l\000\040\000E\000x\000t\000e\000n\000t\000.}{subsection.2.3}% 15
\BOOKMARK [2][-]{subsection.2.4}{\376\377\000B\000I\000P\000D\000\040\000D\000e\000t\000e\000c\000t\000i\000o\000n}{section.2}% 16
\BOOKMARK [2][-]{subsection.2.5}{\376\377\000S\000t\000a\000t\000i\000s\000t\000i\000c\000a\000l\000\040\000A\000n\000a\000l\000y\000s\000i\000s}{section.2}% 17
\BOOKMARK [1][-]{section.3}{\376\377\000R\000e\000s\000u\000l\000t\000s}{}% 18
\BOOKMARK [2][-]{subsection.3.1}{\376\377\000L\000a\000t\000e\000r\000a\000l\000i\000z\000a\000t\000i\000o\000n\000\040\000a\000n\000d\000\040\000S\000u\000b\000t\000y\000p\000e\000\040\000C\000l\000a\000s\000s\000i\000f\000i\000c\000a\000t\000i\000o\000n}{section.3}% 19
\BOOKMARK [2][-]{subsection.3.2}{\376\377\000F\000r\000e\000q\000u\000e\000n\000c\000y\000\040\000E\000s\000t\000i\000m\000a\000t\000i\000o\000n}{section.3}% 20
\BOOKMARK [2][-]{subsection.3.3}{\376\377\000D\000i\000s\000c\000h\000a\000r\000g\000e\000\040\000T\000i\000m\000i\000n\000g}{section.3}% 21
\BOOKMARK [2][-]{subsection.3.4}{\376\377\000S\000p\000a\000t\000i\000a\000l\000\040\000L\000o\000c\000a\000l\000i\000z\000a\000t\000i\000o\000n}{section.3}% 22
\BOOKMARK [3][-]{subsubsection.3.4.1}{\376\377\000P\000D\000\040\000S\000p\000a\000t\000i\000a\000l\000\040\000L\000o\000c\000a\000l\000i\000z\000a\000t\000i\000o\000n\000.}{subsection.3.4}% 23
\BOOKMARK [3][-]{subsubsection.3.4.2}{\376\377\000R\000D\000A\000\040\000S\000p\000a\000t\000i\000a\000l\000\040\000E\000x\000t\000e\000n\000t\000.}{subsection.3.4}% 24
\BOOKMARK [2][-]{subsection.3.5}{\376\377\000E\000n\000d\000-\000t\000o\000-\000E\000n\000d\000\040\000C\000h\000a\000r\000a\000c\000t\000e\000r\000i\000z\000a\000t\000i\000o\000n\000\040\000E\000x\000a\000m\000p\000l\000e\000s}{section.3}% 25
\BOOKMARK [2][-]{subsection.3.6}{\376\377\000M\000o\000d\000e\000l\000\040\000A\000r\000c\000h\000i\000t\000e\000c\000t\000u\000r\000e\000\040\000C\000o\000m\000p\000a\000r\000i\000s\000o\000n}{section.3}% 26
\BOOKMARK [1][-]{section.4}{\376\377\000D\000i\000s\000c\000u\000s\000s\000i\000o\000n}{}% 27
\BOOKMARK [2][-]{subsection.4.1}{\376\377\000S\000u\000m\000m\000a\000r\000y\000\040\000o\000f\000\040\000c\000o\000n\000t\000r\000i\000b\000u\000t\000i\000o\000n\000s\000\040\000a\000n\000d\000\040\000s\000i\000g\000n\000i\000f\000i\000c\000a\000n\000c\000e}{section.4}% 28
\BOOKMARK [2][-]{subsection.4.2}{\376\377\000C\000o\000m\000p\000a\000r\000i\000s\000o\000n\000\040\000w\000i\000t\000h\000\040\000P\000r\000i\000o\000r\000\040\000W\000o\000r\000k}{section.4}% 29
\BOOKMARK [2][-]{subsection.4.3}{\376\377\000L\000e\000a\000r\000n\000e\000d\000\040\000E\000v\000i\000d\000e\000n\000c\000e\000\040\000v\000e\000r\000s\000u\000s\000\040\000H\000a\000n\000d\000c\000r\000a\000f\000t\000e\000d\000\040\000F\000e\000a\000t\000u\000r\000e\000s}{section.4}% 30
\BOOKMARK [2][-]{subsection.4.4}{\376\377\000L\000a\000b\000e\000l\000\040\000Q\000u\000a\000l\000i\000t\000y\000\040\000D\000i\000s\000c\000o\000v\000e\000r\000y}{section.4}% 31
\BOOKMARK [2][-]{subsection.4.5}{\376\377\000C\000l\000i\000n\000i\000c\000a\000l\000\040\000I\000m\000p\000l\000i\000c\000a\000t\000i\000o\000n\000s}{section.4}% 32
\BOOKMARK [2][-]{subsection.4.6}{\376\377\000L\000i\000m\000i\000t\000a\000t\000i\000o\000n\000s\000\040\000a\000n\000d\000\040\000F\000u\000t\000u\000r\000e\000\040\000W\000o\000r\000k}{section.4}% 33
\BOOKMARK [1][-]{section.5}{\376\377\000C\000o\000n\000c\000l\000u\000s\000i\000o\000n}{}% 34
\BOOKMARK [1][-]{appendix.A}{\376\377\000C\000o\000n\000t\000e\000s\000t\000\040\000o\000f\000\040\000m\000e\000t\000h\000o\000d\000s\000:\000\040\000n\000a\000m\000i\000n\000g\000\040\000s\000c\000h\000e\000m\000e\000\040\000a\000n\000d\000\040\000e\000n\000t\000r\000y\000\040\000c\000o\000d\000e\000s}{}% 35
\BOOKMARK [2][-]{subsection.A.1}{\376\377\000N\000a\000m\000i\000n\000g\000\040\000s\000c\000h\000e\000m\000e}{appendix.A}% 36
\BOOKMARK [2][-]{subsection.A.2}{\376\377\000E\000n\000t\000r\000i\000e\000s\000\040\000r\000e\000f\000e\000r\000e\000n\000c\000e\000d\000\040\000i\000n\000\040\000t\000h\000i\000s\000\040\000p\000a\000p\000e\000r}{appendix.A}% 37
\BOOKMARK [1][-]{appendix.B}{\376\377\000M\000a\000t\000h\000e\000m\000a\000t\000i\000c\000a\000l\000\040\000m\000e\000t\000h\000o\000d\000s}{}% 38
\BOOKMARK [2][-]{subsection.B.1}{\376\377\000C\000h\000a\000n\000n\000e\000l\000P\000D\000-\000N\000e\000t\000:\000\040\000p\000e\000r\000-\000c\000h\000a\000n\000n\000e\000l\000\040\000C\000N\000N\000\040\000w\000i\000t\000h\000\040\000t\000e\000m\000p\000o\000r\000a\000l\000\040\000a\000t\000t\000e\000n\000t\000i\000o\000n}{appendix.B}% 39
\BOOKMARK [3][-]{subsubsection.B.1.1}{\376\377\000O\000v\000e\000r\000v\000i\000e\000w}{subsection.B.1}% 40
\BOOKMARK [3][-]{subsubsection.B.1.2}{\376\377\000I\000n\000p\000u\000t\000\040\000r\000e\000p\000r\000e\000s\000e\000n\000t\000a\000t\000i\000o\000n}{subsection.B.1}% 41
\BOOKMARK [3][-]{subsubsection.B.1.3}{\376\377\000A\000r\000c\000h\000i\000t\000e\000c\000t\000u\000r\000e}{subsection.B.1}% 42
\BOOKMARK [3][-]{subsubsection.B.1.4}{\376\377\000T\000r\000a\000i\000n\000i\000n\000g}{subsection.B.1}% 43
\BOOKMARK [3][-]{subsubsection.B.1.5}{\376\377\000D\000o\000w\000n\000s\000t\000r\000e\000a\000m\000\040\000u\000s\000a\000g\000e}{subsection.B.1}% 44
\BOOKMARK [3][-]{subsubsection.B.1.6}{\376\377\000P\000e\000r\000f\000o\000r\000m\000a\000n\000c\000e}{subsection.B.1}% 45
\BOOKMARK [2][-]{subsection.B.2}{\376\377\000H\000e\000m\000i\000C\000E\000T\000-\000U\000N\000e\000t\000:\000\040\000h\000e\000m\000i\000s\000p\000h\000e\000r\000e\000-\000r\000e\000s\000t\000r\000i\000c\000t\000e\000d\000\040\000c\000o\000n\000v\000o\000l\000u\000t\000i\000o\000n\000a\000l\000\040\000e\000v\000i\000d\000e\000n\000c\000e\000-\000t\000r\000a\000c\000e\000\040\000U\000-\000N\000e\000t}{appendix.B}% 46
\BOOKMARK [3][-]{subsubsection.B.2.1}{\376\377\000O\000v\000e\000r\000v\000i\000e\000w}{subsection.B.2}% 47
\BOOKMARK [3][-]{subsubsection.B.2.2}{\376\377\000I\000n\000p\000u\000t\000\040\000r\000e\000p\000r\000e\000s\000e\000n\000t\000a\000t\000i\000o\000n}{subsection.B.2}% 48
\BOOKMARK [3][-]{subsubsection.B.2.3}{\376\377\000A\000r\000c\000h\000i\000t\000e\000c\000t\000u\000r\000e}{subsection.B.2}% 49
\BOOKMARK [3][-]{subsubsection.B.2.4}{\376\377\000T\000r\000a\000i\000n\000i\000n\000g}{subsection.B.2}% 50
\BOOKMARK [3][-]{subsubsection.B.2.5}{\376\377\000I\000n\000f\000e\000r\000e\000n\000c\000e\000\040\000p\000i\000p\000e\000l\000i\000n\000e}{subsection.B.2}% 51
\BOOKMARK [3][-]{subsubsection.B.2.6}{\376\377\000P\000e\000r\000f\000o\000r\000m\000a\000n\000c\000e}{subsection.B.2}% 52
\BOOKMARK [2][-]{subsection.B.3}{\376\377\000H\000a\000n\000d\000c\000r\000a\000f\000t\000e\000d\000\040\000P\000e\000a\000k\000\040\000P\000r\000i\000o\000r\000\040\000\050\000H\000P\000P\000\051\000\040\000a\000n\000d\000\040\000p\000r\000o\000d\000u\000c\000t\000-\000b\000o\000o\000s\000t\000e\000d\000\040\000e\000v\000i\000d\000e\000n\000c\000e\000\040\000c\000o\000m\000b\000i\000n\000a\000t\000i\000o\000n}{appendix.B}% 53
\BOOKMARK [3][-]{subsubsection.B.3.1}{\376\377\000O\000v\000e\000r\000v\000i\000e\000w}{subsection.B.3}% 54
\BOOKMARK [3][-]{subsubsection.B.3.2}{\376\377\000I\000n\000p\000u\000t}{subsection.B.3}% 55
\BOOKMARK [3][-]{subsubsection.B.3.3}{\376\377\000M\000a\000t\000h\000e\000m\000a\000t\000i\000c\000a\000l\000\040\000f\000o\000r\000m\000u\000l\000a\000t\000i\000o\000n}{subsection.B.3}% 56
\BOOKMARK [3][-]{subsubsection.B.3.4}{\376\377\000A\000l\000g\000o\000r\000i\000t\000h\000m}{subsection.B.3}% 57
\BOOKMARK [3][-]{subsubsection.B.3.5}{\376\377\000O\000u\000t\000p\000u\000t}{subsection.B.3}% 58
\BOOKMARK [3][-]{subsubsection.B.3.6}{\376\377\000P\000e\000r\000f\000o\000r\000m\000a\000n\000c\000e}{subsection.B.3}% 59
\BOOKMARK [2][-]{subsection.B.4}{\376\377\000D\000y\000n\000a\000m\000i\000c\000\040\000p\000r\000o\000g\000r\000a\000m\000m\000i\000n\000g\000\040\000w\000i\000t\000h\000\040\000a\000n\000\040\000a\000p\000p\000r\000o\000x\000i\000m\000a\000t\000e\000l\000y\000-\000p\000e\000r\000i\000o\000d\000i\000c\000\040\000p\000r\000i\000o\000r}{appendix.B}% 60
\BOOKMARK [3][-]{subsubsection.B.4.1}{\376\377\000O\000v\000e\000r\000v\000i\000e\000w}{subsection.B.4}% 61
\BOOKMARK [3][-]{subsubsection.B.4.2}{\376\377\000H\000a\000n\000d\000c\000r\000a\000f\000t\000e\000d\000\040\000e\000v\000i\000d\000e\000n\000c\000e\000:\000\040\000H\000P\000P}{subsection.B.4}% 62
\BOOKMARK [3][-]{subsubsection.B.4.3}{\376\377\000N\000e\000u\000r\000a\000l\000\040\000e\000v\000i\000d\000e\000n\000c\000e\000:\000\040\000C\000E\000T\000-\000U\000N\000e\000t}{subsection.B.4}% 63
\BOOKMARK [3][-]{subsubsection.B.4.4}{\376\377\000E\000v\000i\000d\000e\000n\000c\000e\000\040\000a\000g\000g\000r\000e\000g\000a\000t\000i\000o\000n\000\040\000a\000n\000d\000\040\000c\000o\000m\000b\000i\000n\000a\000t\000i\000o\000n}{subsection.B.4}% 64
\BOOKMARK [3][-]{subsubsection.B.4.5}{\376\377\000A\000c\000t\000i\000v\000e\000\040\000i\000n\000t\000e\000r\000v\000a\000l\000\040\000d\000e\000t\000e\000c\000t\000i\000o\000n}{subsection.B.4}% 65
\BOOKMARK [3][-]{subsubsection.B.4.6}{\376\377\000C\000a\000n\000d\000i\000d\000a\000t\000e\000\040\000e\000x\000t\000r\000a\000c\000t\000i\000o\000n}{subsection.B.4}% 66
\BOOKMARK [3][-]{subsubsection.B.4.7}{\376\377\000D\000y\000n\000a\000m\000i\000c\000\040\000p\000r\000o\000g\000r\000a\000m\000m\000i\000n\000g\000\040\000f\000o\000r\000m\000u\000l\000a\000t\000i\000o\000n}{subsection.B.4}% 67
\BOOKMARK [3][-]{subsubsection.B.4.8}{\376\377\000A\000l\000g\000o\000r\000i\000t\000h\000m\000\040\000p\000s\000e\000u\000d\000o\000c\000o\000d\000e}{subsection.B.4}% 68
\BOOKMARK [3][-]{subsubsection.B.4.9}{\376\377\000P\000o\000s\000t\000-\000p\000r\000o\000c\000e\000s\000s\000i\000n\000g}{subsection.B.4}% 69
\BOOKMARK [3][-]{subsubsection.B.4.10}{\376\377\000F\000i\000n\000a\000l\000\040\000f\000r\000e\000q\000u\000e\000n\000c\000y\000\040\000e\000s\000t\000i\000m\000a\000t\000e}{subsection.B.4}% 70
\BOOKMARK [3][-]{subsubsection.B.4.11}{\376\377\000P\000e\000r\000f\000o\000r\000m\000a\000n\000c\000e}{subsection.B.4}% 71
\BOOKMARK [2][-]{subsection.B.5}{\376\377\000C\000N\000N\000+\000A\000C\000F\000\040\000f\000r\000e\000q\000u\000e\000n\000c\000y\000\040\000e\000n\000s\000e\000m\000b\000l\000e}{appendix.B}% 72
\BOOKMARK [3][-]{subsubsection.B.5.1}{\376\377\000O\000v\000e\000r\000v\000i\000e\000w}{subsection.B.5}% 73
\BOOKMARK [3][-]{subsubsection.B.5.2}{\376\377\000C\000N\000N\000\040\000f\000r\000e\000q\000u\000e\000n\000c\000y\000\040\000e\000s\000t\000i\000m\000a\000t\000e}{subsection.B.5}% 74
\BOOKMARK [3][-]{subsubsection.B.5.3}{\376\377\000A\000C\000F\000\040\000f\000r\000e\000q\000u\000e\000n\000c\000y\000\040\000e\000s\000t\000i\000m\000a\000t\000e}{subsection.B.5}% 75
\BOOKMARK [3][-]{subsubsection.B.5.4}{\376\377\000E\000n\000s\000e\000m\000b\000l\000e\000\040\000c\000o\000m\000b\000i\000n\000a\000t\000i\000o\000n}{subsection.B.5}% 76
\BOOKMARK [3][-]{subsubsection.B.5.5}{\376\377\000A\000l\000g\000o\000r\000i\000t\000h\000m\000\040\000p\000s\000e\000u\000d\000o\000c\000o\000d\000e}{subsection.B.5}% 77
\BOOKMARK [3][-]{subsubsection.B.5.6}{\376\377\000D\000e\000s\000i\000g\000n\000\040\000r\000a\000t\000i\000o\000n\000a\000l\000e}{subsection.B.5}% 78
\BOOKMARK [3][-]{table.13}{\376\377\000P\000e\000r\000f\000o\000r\000m\000a\000n\000c\000e}{subsection.B.5}% 79
\BOOKMARK [2][-]{subsection.B.6}{\376\377\000D\000i\000s\000c\000h\000a\000r\000g\000e\000-\000l\000o\000c\000k\000e\000d\000\040\000t\000o\000p\000o\000g\000r\000a\000p\000h\000i\000c\000\040\000l\000o\000c\000a\000l\000i\000z\000a\000t\000i\000o\000n}{appendix.B}% 80
\BOOKMARK [3][-]{subsubsection.B.6.1}{\376\377\000O\000v\000e\000r\000v\000i\000e\000w}{subsection.B.6}% 81
\BOOKMARK [3][-]{subsubsection.B.6.2}{\376\377\000I\000n\000p\000u\000t}{subsection.B.6}% 82
\BOOKMARK [3][-]{subsubsection.B.6.3}{\376\377\000M\000a\000t\000h\000e\000m\000a\000t\000i\000c\000a\000l\000\040\000f\000o\000r\000m\000u\000l\000a\000t\000i\000o\000n}{subsection.B.6}% 83
\BOOKMARK [3][-]{subsubsection.B.6.4}{\376\377\000A\000l\000g\000o\000r\000i\000t\000h\000m}{subsection.B.6}% 84
\BOOKMARK [3][-]{subsubsection.B.6.5}{\376\377\000R\000e\000n\000d\000e\000r\000i\000n\000g\000\040\000a\000n\000d\000\040\000d\000e\000s\000c\000r\000i\000p\000t\000i\000o\000n}{subsection.B.6}% 85
\BOOKMARK [3][-]{subsubsection.B.6.6}{\376\377\000P\000e\000r\000f\000o\000r\000m\000a\000n\000c\000e}{subsection.B.6}% 86
\BOOKMARK [2][-]{subsection.B.7}{\376\377\000H\000y\000b\000r\000i\000d\000-\000P\000L\000V\000\040\000P\000D\000\040\000s\000p\000a\000t\000i\000a\000l\000\040\000e\000x\000t\000e\000n\000t}{appendix.B}% 87
\BOOKMARK [3][-]{subsubsection.B.7.1}{\376\377\000O\000v\000e\000r\000v\000i\000e\000w}{subsection.B.7}% 88
\BOOKMARK [3][-]{subsubsection.B.7.2}{\376\377\000R\000e\000f\000e\000r\000e\000n\000c\000e\000\040\000c\000h\000a\000n\000n\000e\000l\000\040\000s\000e\000l\000e\000c\000t\000i\000o\000n}{subsection.B.7}% 89
\BOOKMARK [3][-]{subsubsection.B.7.3}{\376\377\000B\000a\000n\000d\000p\000a\000s\000s\000\040\000f\000i\000l\000t\000e\000r\000i\000n\000g}{subsection.B.7}% 90
\BOOKMARK [3][-]{subsubsection.B.7.4}{\376\377\000P\000h\000a\000s\000e\000\040\000e\000x\000t\000r\000a\000c\000t\000i\000o\000n\000\040\000v\000i\000a\000\040\000H\000i\000l\000b\000e\000r\000t\000\040\000t\000r\000a\000n\000s\000f\000o\000r\000m}{subsection.B.7}% 91
\BOOKMARK [3][-]{subsubsection.B.7.5}{\376\377\000R\000e\000f\000e\000r\000e\000n\000c\000e\000\040\000p\000h\000a\000s\000e\000\040\000c\000o\000n\000s\000t\000r\000u\000c\000t\000i\000o\000n}{subsection.B.7}% 92
\BOOKMARK [3][-]{subsubsection.B.7.6}{\376\377\000P\000e\000r\000-\000c\000h\000a\000n\000n\000e\000l\000\040\000p\000h\000a\000s\000e\000-\000l\000o\000c\000k\000i\000n\000g\000\040\000v\000a\000l\000u\000e}{subsection.B.7}% 93
\BOOKMARK [3][-]{subsubsection.B.7.7}{\376\377\000C\000o\000m\000b\000i\000n\000e\000d\000\040\000c\000h\000a\000n\000n\000e\000l\000\040\000s\000c\000o\000r\000e}{subsection.B.7}% 94
\BOOKMARK [3][-]{subsubsection.B.7.8}{\376\377\000R\000e\000g\000i\000o\000n\000\040\000m\000a\000p\000p\000i\000n\000g}{subsection.B.7}% 95
\BOOKMARK [3][-]{subsubsection.B.7.9}{\376\377\000B\000i\000n\000a\000r\000y\000\040\000i\000n\000v\000o\000l\000v\000e\000m\000e\000n\000t\000\040\000a\000n\000d\000\040\000s\000p\000a\000t\000i\000a\000l\000\040\000e\000x\000t\000e\000n\000t}{subsection.B.7}% 96
\BOOKMARK [3][-]{subsubsection.B.7.10}{\376\377\000A\000l\000g\000o\000r\000i\000t\000h\000m\000\040\000p\000s\000e\000u\000d\000o\000c\000o\000d\000e}{subsection.B.7}% 97
\BOOKMARK [3][-]{subsubsection.B.7.11}{\376\377\000D\000e\000s\000i\000g\000n\000\040\000r\000a\000t\000i\000o\000n\000a\000l\000e}{subsection.B.7}% 98
\BOOKMARK [3][-]{subsubsection.B.7.12}{\376\377\000P\000e\000r\000f\000o\000r\000m\000a\000n\000c\000e}{subsection.B.7}% 99
\BOOKMARK [2][-]{subsection.B.8}{\376\377\000N\000B\000-\000H\000i\000l\000b\000e\000r\000t\000:\000\040\000i\000t\000e\000r\000a\000t\000i\000v\000e\000\040\000n\000a\000r\000r\000o\000w\000b\000a\000n\000d\000\040\000H\000i\000l\000b\000e\000r\000t\000\040\000r\000e\000f\000i\000n\000e\000m\000e\000n\000t\000\040\000f\000o\000r\000\040\000R\000D\000A}{appendix.B}% 100
\BOOKMARK [3][-]{subsubsection.B.8.1}{\376\377\000O\000v\000e\000r\000v\000i\000e\000w}{subsection.B.8}% 101
\BOOKMARK [3][-]{subsubsection.B.8.2}{\376\377\000I\000n\000p\000u\000t}{subsection.B.8}% 102
\BOOKMARK [3][-]{subsubsection.B.8.3}{\376\377\000M\000a\000t\000h\000e\000m\000a\000t\000i\000c\000a\000l\000\040\000f\000o\000r\000m\000u\000l\000a\000t\000i\000o\000n}{subsection.B.8}% 103
\BOOKMARK [3][-]{subsubsection.B.8.4}{\376\377\000A\000l\000g\000o\000r\000i\000t\000h\000m}{subsection.B.8}% 104
\BOOKMARK [3][-]{subsubsection.B.8.5}{\376\377\000O\000u\000t\000p\000u\000t}{subsection.B.8}% 105
\BOOKMARK [3][-]{subsubsection.B.8.6}{\376\377\000P\000e\000r\000f\000o\000r\000m\000a\000n\000c\000e}{subsection.B.8}% 106
\BOOKMARK [2][-]{subsection.B.9}{\376\377\000R\000D\000A\000-\000P\000L\000V\000\040\000s\000p\000a\000t\000i\000a\000l\000\040\000e\000x\000t\000e\000n\000t}{appendix.B}% 107
\BOOKMARK [3][-]{subsubsection.B.9.1}{\376\377\000O\000v\000e\000r\000v\000i\000e\000w}{subsection.B.9}% 108
\BOOKMARK [3][-]{subsubsection.B.9.2}{\376\377\000I\000n\000p\000u\000t}{subsection.B.9}% 109
\BOOKMARK [3][-]{subsubsection.B.9.3}{\376\377\000M\000a\000t\000h\000e\000m\000a\000t\000i\000c\000a\000l\000\040\000f\000o\000r\000m\000u\000l\000a\000t\000i\000o\000n}{subsection.B.9}% 110
\BOOKMARK [3][-]{subsubsection.B.9.4}{\376\377\000A\000l\000g\000o\000r\000i\000t\000h\000m}{subsection.B.9}% 111
\BOOKMARK [3][-]{subsubsection.B.9.5}{\376\377\000O\000u\000t\000p\000u\000t}{subsection.B.9}% 112
\BOOKMARK [3][-]{subsubsection.B.9.6}{\376\377\000P\000e\000r\000f\000o\000r\000m\000a\000n\000c\000e}{subsection.B.9}% 113
\BOOKMARK [2][-]{subsection.B.10}{\376\377\000B\000I\000P\000D\000\040\000d\000e\000t\000e\000c\000t\000i\000o\000n\000:\000\040\000b\000i\000l\000a\000t\000e\000r\000a\000l\000\040\000i\000n\000d\000e\000p\000e\000n\000d\000e\000n\000t\000\040\000p\000e\000r\000i\000o\000d\000i\000c\000\040\000d\000i\000s\000c\000h\000a\000r\000g\000e\000s}{appendix.B}% 114
\BOOKMARK [3][-]{subsubsection.B.10.1}{\376\377\000O\000v\000e\000r\000v\000i\000e\000w}{subsection.B.10}% 115
\BOOKMARK [3][-]{subsubsection.B.10.2}{\376\377\000I\000n\000p\000u\000t}{subsection.B.10}% 116
\BOOKMARK [3][-]{subsubsection.B.10.3}{\376\377\000M\000a\000t\000h\000e\000m\000a\000t\000i\000c\000a\000l\000\040\000f\000o\000r\000m\000u\000l\000a\000t\000i\000o\000n}{subsection.B.10}% 117
\BOOKMARK [3][-]{subsubsection.B.10.4}{\376\377\000A\000l\000g\000o\000r\000i\000t\000h\000m}{subsection.B.10}% 118
\BOOKMARK [3][-]{subsubsection.B.10.5}{\376\377\000O\000u\000t\000p\000u\000t}{subsection.B.10}% 119
\BOOKMARK [3][-]{subsubsection.B.10.6}{\376\377\000P\000e\000r\000f\000o\000r\000m\000a\000n\000c\000e}{subsection.B.10}% 120
